<?xml version="1.0" encoding="UTF-8" ?>
<testsuite tests="3" failures="1" name="com.sg.vendingmachine.dao.ClassVendingMachineDaoImplTest" time="0.154" errors="0" skipped="0">
  <properties>
    <property name="java.runtime.name" value="OpenJDK Runtime Environment"/>
    <property name="java.vm.version" value="11.0.19+7"/>
    <property name="sun.boot.library.path" value="C:\Program Files\Eclipse Adoptium\jdk-11.0.19.7-hotspot\bin"/>
    <property name="maven.multiModuleProjectDirectory" value="C:\Users\nelso\Downloads\Proyectos netbeans\VendinMachine"/>
    <property name="java.vm.vendor" value="Eclipse Adoptium"/>
    <property name="java.vendor.url" value="https://adoptium.net/"/>
    <property name="guice.disable.misplaced.annotation.check" value="true"/>
    <property name="path.separator" value=";"/>
    <property name="java.vm.name" value="OpenJDK 64-Bit Server VM"/>
    <property name="sun.os.patch.level" value=""/>
    <property name="user.script" value=""/>
    <property name="user.country" value="CA"/>
    <property name="sun.java.launcher" value="SUN_STANDARD"/>
    <property name="test" value="com.sg.vendingmachine.dao.ClassVendingMachineDaoImplTest"/>
    <property name="java.vm.specification.name" value="Java Virtual Machine Specification"/>
    <property name="user.dir" value="C:\Users\nelso\Downloads\Proyectos netbeans\VendinMachine"/>
    <property name="java.vm.compressedOopsMode" value="32-bit"/>
    <property name="java.runtime.version" value="11.0.19+7"/>
    <property name="java.awt.graphicsenv" value="sun.awt.Win32GraphicsEnvironment"/>
    <property name="os.arch" value="amd64"/>
    <property name="java.io.tmpdir" value="C:\Users\nelso\AppData\Local\Temp\"/>
    <property name="line.separator" value="
"/>
    <property name="java.vm.specification.vendor" value="Oracle Corporation"/>
    <property name="user.variant" value=""/>
    <property name="os.name" value="Windows 10"/>
    <property name="maven.ext.class.path" value="C:\Program Files\NetBeans-16\netbeans\java\maven-nblib\netbeans-eventspy.jar;C:\Program Files\NetBeans-16\netbeans\java\maven-nblib\netbeans-eventspy.jar"/>
    <property name="classworlds.conf" value="C:\Program Files\NetBeans-16\netbeans\java\maven\bin\m2.conf"/>
    <property name="sun.jnu.encoding" value="Cp1252"/>
    <property name="java.library.path" value="C:\Program Files\Eclipse Adoptium\jdk-11.0.19.7-hotspot\bin;C:\windows\Sun\Java\bin;C:\windows\system32;C:\windows;C:\Program Files\Eclipse Adoptium\jdk-11.0.19.7-hotspot\bin;C:\Program Files (x86)\Common Files\Oracle\Java\javapath;C:\Program Files\Common Files\Oracle\Java\javapath;C:\windows\system32;C:\windows;C:\windows\System32\Wbem;C:\windows\System32\WindowsPowerShell\v1.0\;C:\windows\System32\OpenSSH\;C:\Program Files\Microsoft VS Code\bin;C:\maven\bin;C:\Program Files\Eclipse Adoptium\jdk-11.0.19.7-hotspot\\bin;C:\Program Files (x86)\Microsoft SQL Server\150\DTS\Binn\;C:\spring\bin;C:\Program Files\Git\cmd;C:\Program Files\MySQL\MySQL Shell 8.0\bin\;C:\Users\nelso\AppData\Local\Programs\Python\Python39\Scripts\;C:\Users\nelso\AppData\Local\Programs\Python\Python39\;C:\Users\nelso\AppData\Local\Microsoft\WindowsApps;C:\spring\bin;;."/>
    <property name="maven.conf" value="C:\Program Files\NetBeans-16\netbeans\java\maven/conf"/>
    <property name="jdk.debug" value="release"/>
    <property name="java.class.version" value="55.0"/>
    <property name="java.specification.name" value="Java Platform API Specification"/>
    <property name="sun.management.compiler" value="HotSpot 64-Bit Tiered Compilers"/>
    <property name="os.version" value="10.0"/>
    <property name="library.jansi.path" value="C:\Program Files\NetBeans-16\netbeans\java\maven\lib\jansi-native"/>
    <property name="user.home" value="C:\Users\nelso"/>
    <property name="user.timezone" value="GMT+01:00"/>
    <property name="java.awt.printerjob" value="sun.awt.windows.WPrinterJob"/>
    <property name="file.encoding" value="UTF-8"/>
    <property name="java.specification.version" value="11"/>
    <property name="user.name" value="nelso"/>
    <property name="java.class.path" value="C:\Program Files\NetBeans-16\netbeans\java\maven\boot\plexus-classworlds-2.6.0.jar"/>
    <property name="java.vm.specification.version" value="11"/>
    <property name="sun.arch.data.model" value="64"/>
    <property name="sun.java.command" value="org.codehaus.plexus.classworlds.launcher.Launcher -Dtest=com.sg.vendingmachine.dao.ClassVendingMachineDaoImplTest -Dmaven.ext.class.path=C:\Program Files\NetBeans-16\netbeans\java\maven-nblib\netbeans-eventspy.jar;C:\Program Files\NetBeans-16\netbeans\java\maven-nblib\netbeans-eventspy.jar -Dfile.encoding=UTF-8 surefire:test"/>
    <property name="java.home" value="C:\Program Files\Eclipse Adoptium\jdk-11.0.19.7-hotspot"/>
    <property name="user.language" value="en"/>
    <property name="java.specification.vendor" value="Oracle Corporation"/>
    <property name="awt.toolkit" value="sun.awt.windows.WToolkit"/>
    <property name="java.vm.info" value="mixed mode"/>
    <property name="java.version" value="11.0.19"/>
    <property name="java.vendor" value="Eclipse Adoptium"/>
    <property name="maven.home" value="C:\Program Files\NetBeans-16\netbeans\java\maven"/>
    <property name="file.separator" value="\"/>
    <property name="java.version.date" value="2023-04-18"/>
    <property name="java.vendor.url.bug" value="https://github.com/adoptium/adoptium-support/issues"/>
    <property name="sun.io.unicode.encoding" value="UnicodeLittle"/>
    <property name="sun.cpu.endian" value="little"/>
    <property name="java.vendor.version" value="Temurin-11.0.19+7"/>
    <property name="sun.desktop" value="windows"/>
    <property name="sun.cpu.isalist" value="amd64"/>
  </properties>
  <testcase classname="com.sg.vendingmachine.dao.ClassVendingMachineDaoImplTest" name="com.sg.vendingmachine.dao.ClassVendingMachineDaoImplTest.testGetListProducts" time="0.083"/>
  <testcase classname="com.sg.vendingmachine.dao.ClassVendingMachineDaoImplTest" name="com.sg.vendingmachine.dao.ClassVendingMachineDaoImplTest.testLoadProductsFromFile" time="0.067">
    <failure message="File should match expected. ==&gt; expected: &lt;[Product{name=Chex Mix, cost=0.75, numberItemsInventory=16}, Product{name=Rice Krispy, cost=1.11, numberItemsInventory=8}, Product{name=Cheetos, cost=1.50, numberItemsInventory=4}]&gt; but was: &lt;[Product{name=Chex Mix, cost=0.75, numberItemsInventory=16}, Product{name=Dr Pepper, cost=2.00, numberItemsInventory=3}, Product{name=Lemonade, cost=1.23, numberItemsInventory=4}, Product{name=Fanta, cost=0.85, numberItemsInventory=12}, Product{name=Gatorade, cost=2.22, numberItemsInventory=6}, Product{name=Cheetos, cost=1.50, numberItemsInventory=4}, Product{name=Rice Krispy, cost=1.11, numberItemsInventory=8}]&gt;" type="org.opentest4j.AssertionFailedError">org.opentest4j.AssertionFailedError: File should match expected. ==&gt; expected: &lt;[Product{name=Chex Mix, cost=0.75, numberItemsInventory=16}, Product{name=Rice Krispy, cost=1.11, numberItemsInventory=8}, Product{name=Cheetos, cost=1.50, numberItemsInventory=4}]&gt; but was: &lt;[Product{name=Chex Mix, cost=0.75, numberItemsInventory=16}, Product{name=Dr Pepper, cost=2.00, numberItemsInventory=3}, Product{name=Lemonade, cost=1.23, numberItemsInventory=4}, Product{name=Fanta, cost=0.85, numberItemsInventory=12}, Product{name=Gatorade, cost=2.22, numberItemsInventory=6}, Product{name=Cheetos, cost=1.50, numberItemsInventory=4}, Product{name=Rice Krispy, cost=1.11, numberItemsInventory=8}]&gt;
	at org.junit.jupiter.api.AssertionFailureBuilder.build(AssertionFailureBuilder.java:151)
	at org.junit.jupiter.api.AssertionFailureBuilder.buildAndThrow(AssertionFailureBuilder.java:132)
	at org.junit.jupiter.api.AssertEquals.failNotEqual(AssertEquals.java:197)
	at org.junit.jupiter.api.AssertEquals.assertEquals(AssertEquals.java:182)
	at org.junit.jupiter.api.Assertions.assertEquals(Assertions.java:1153)
	at com.sg.vendingmachine.dao.ClassVendingMachineDaoImplTest.testLoadProductsFromFile(ClassVendingMachineDaoImplTest.java:93)
</failure>
  </testcase>
  <testcase classname="com.sg.vendingmachine.dao.ClassVendingMachineDaoImplTest" name="com.sg.vendingmachine.dao.ClassVendingMachineDaoImplTest.testAddGetProduct" time="0.004"/>
</testsuite>